Job started at Sat Jun 20 10:33:51 CST 2026
Host: dribe-00
SLURM_JOB_ID=578276
SLURM_CPUS_PER_TASK=36
Rust: rustc 1.96.0 (ac68faa20 2026-05-25)
Cargo: cargo 1.96.0 (30a34c682 2026-05-25)
Thread matrix: 1,2,4,8,16,32,36
Output: results/raw/kabre_results.csv
sequential,no-conflict,1000,1,42,270003.19,correct=Some(true)
static,no-conflict,1000,1,42,182435.78,correct=Some(true)
optimistic,no-conflict,1000,1,42,255432.87,correct=Some(true)
sequential,hotspot,1000,1,42,332620.86,correct=Some(true)
static,hotspot,1000,1,42,31662.12,correct=Some(true)
optimistic,hotspot,1000,1,42,225452.10,correct=Some(true)
sequential,zipfian,1000,1,42,356032.80,correct=Some(true)
static,zipfian,1000,1,42,78026.50,correct=Some(true)
optimistic,zipfian,1000,1,42,227336.07,correct=Some(true)
sequential,token-transfer,1000,1,42,308006.85,correct=Some(true)
static,token-transfer,1000,1,42,181278.73,correct=Some(true)
optimistic,token-transfer,1000,1,42,252544.38,correct=Some(true)
sequential,private-state,1000,1,42,311320.97,correct=Some(true)
static,private-state,1000,1,42,27343.32,correct=Some(true)
optimistic,private-state,1000,1,42,204420.64,correct=Some(true)
sequential,no-conflict,1000,1,43,309351.29,correct=Some(true)
static,no-conflict,1000,1,43,224700.32,correct=Some(true)
optimistic,no-conflict,1000,1,43,272101.88,correct=Some(true)
sequential,hotspot,1000,1,43,373729.65,correct=Some(true)
static,hotspot,1000,1,43,32358.80,correct=Some(true)
optimistic,hotspot,1000,1,43,222626.36,correct=Some(true)
sequential,zipfian,1000,1,43,345750.98,correct=Some(true)
static,zipfian,1000,1,43,75702.93,correct=Some(true)
optimistic,zipfian,1000,1,43,226978.64,correct=Some(true)
sequential,token-transfer,1000,1,43,307874.76,correct=Some(true)
static,token-transfer,1000,1,43,177514.49,correct=Some(true)
optimistic,token-transfer,1000,1,43,250940.27,correct=Some(true)
sequential,private-state,1000,1,43,319239.24,correct=Some(true)
static,private-state,1000,1,43,26841.71,correct=Some(true)
optimistic,private-state,1000,1,43,202167.64,correct=Some(true)
sequential,no-conflict,1000,1,44,306528.07,correct=Some(true)
static,no-conflict,1000,1,44,209554.38,correct=Some(true)
optimistic,no-conflict,1000,1,44,263428.32,correct=Some(true)
sequential,hotspot,1000,1,44,367816.23,correct=Some(true)
static,hotspot,1000,1,44,31686.48,correct=Some(true)
optimistic,hotspot,1000,1,44,214116.07,correct=Some(true)
sequential,zipfian,1000,1,44,346007.23,correct=Some(true)
static,zipfian,1000,1,44,74548.90,correct=Some(true)
optimistic,zipfian,1000,1,44,228014.08,correct=Some(true)
sequential,token-transfer,1000,1,44,305911.62,correct=Some(true)
static,token-transfer,1000,1,44,178567.00,correct=Some(true)
optimistic,token-transfer,1000,1,44,248083.80,correct=Some(true)
sequential,private-state,1000,1,44,319550.69,correct=Some(true)
static,private-state,1000,1,44,27067.80,correct=Some(true)
optimistic,private-state,1000,1,44,212825.64,correct=Some(true)
sequential,no-conflict,1000,2,42,304963.68,correct=Some(true)
static,no-conflict,1000,2,42,241957.05,correct=Some(true)
optimistic,no-conflict,1000,2,42,300093.12,correct=Some(true)
sequential,hotspot,1000,2,42,371121.55,correct=Some(true)
static,hotspot,1000,2,42,30375.18,correct=Some(true)
optimistic,hotspot,1000,2,42,242595.85,correct=Some(true)
sequential,zipfian,1000,2,42,347283.60,correct=Some(true)
static,zipfian,1000,2,42,69098.47,correct=Some(true)
optimistic,zipfian,1000,2,42,265300.83,correct=Some(true)
sequential,token-transfer,1000,2,42,297300.69,correct=Some(true)
static,token-transfer,1000,2,42,197838.38,correct=Some(true)
optimistic,token-transfer,1000,2,42,301758.16,correct=Some(true)
sequential,private-state,1000,2,42,315702.41,correct=Some(true)
static,private-state,1000,2,42,26147.41,correct=Some(true)
optimistic,private-state,1000,2,42,232309.24,correct=Some(true)
sequential,no-conflict,1000,2,43,302209.67,correct=Some(true)
static,no-conflict,1000,2,43,244572.63,correct=Some(true)
optimistic,no-conflict,1000,2,43,301717.74,correct=Some(true)
sequential,hotspot,1000,2,43,370559.90,correct=Some(true)
static,hotspot,1000,2,43,30556.55,correct=Some(true)
optimistic,hotspot,1000,2,43,263014.00,correct=Some(true)
sequential,zipfian,1000,2,43,343600.10,correct=Some(true)
static,zipfian,1000,2,43,75480.58,correct=Some(true)
optimistic,zipfian,1000,2,43,272573.37,correct=Some(true)
sequential,token-transfer,1000,2,43,305417.56,correct=Some(true)
static,token-transfer,1000,2,43,206806.88,correct=Some(true)
optimistic,token-transfer,1000,2,43,300711.36,correct=Some(true)
sequential,private-state,1000,2,43,312956.04,correct=Some(true)
static,private-state,1000,2,43,26049.20,correct=Some(true)
optimistic,private-state,1000,2,43,215272.69,correct=Some(true)
sequential,no-conflict,1000,2,44,302457.28,correct=Some(true)
static,no-conflict,1000,2,44,244579.51,correct=Some(true)
optimistic,no-conflict,1000,2,44,301848.06,correct=Some(true)
sequential,hotspot,1000,2,44,362839.70,correct=Some(true)
static,hotspot,1000,2,44,30117.90,correct=Some(true)
optimistic,hotspot,1000,2,44,268962.17,correct=Some(true)
sequential,zipfian,1000,2,44,351853.87,correct=Some(true)
static,zipfian,1000,2,44,67351.64,correct=Some(true)
optimistic,zipfian,1000,2,44,270180.82,correct=Some(true)
sequential,token-transfer,1000,2,44,303922.55,correct=Some(true)
static,token-transfer,1000,2,44,199782.48,correct=Some(true)
optimistic,token-transfer,1000,2,44,280493.50,correct=Some(true)
sequential,private-state,1000,2,44,329404.09,correct=Some(true)
static,private-state,1000,2,44,25872.39,correct=Some(true)
optimistic,private-state,1000,2,44,213503.22,correct=Some(true)
sequential,no-conflict,1000,4,42,306156.25,correct=Some(true)
static,no-conflict,1000,4,42,253658.32,correct=Some(true)
optimistic,no-conflict,1000,4,42,337520.73,correct=Some(true)
sequential,hotspot,1000,4,42,363746.94,correct=Some(true)
static,hotspot,1000,4,42,28401.22,correct=Some(true)
optimistic,hotspot,1000,4,42,269441.77,correct=Some(true)
sequential,zipfian,1000,4,42,346808.10,correct=Some(true)
static,zipfian,1000,4,42,73584.52,correct=Some(true)
optimistic,zipfian,1000,4,42,289021.52,correct=Some(true)
sequential,token-transfer,1000,4,42,305251.80,correct=Some(true)
static,token-transfer,1000,4,42,204839.04,correct=Some(true)
optimistic,token-transfer,1000,4,42,312892.78,correct=Some(true)
sequential,private-state,1000,4,42,316571.30,correct=Some(true)
static,private-state,1000,4,42,25113.97,correct=Some(true)
optimistic,private-state,1000,4,42,227274.95,correct=Some(true)
sequential,no-conflict,1000,4,43,300728.09,correct=Some(true)
static,no-conflict,1000,4,43,257778.60,correct=Some(true)
optimistic,no-conflict,1000,4,43,347187.14,correct=Some(true)
sequential,hotspot,1000,4,43,368522.71,correct=Some(true)
static,hotspot,1000,4,43,28350.57,correct=Some(true)
optimistic,hotspot,1000,4,43,255736.36,correct=Some(true)
sequential,zipfian,1000,4,43,321857.61,correct=Some(true)
static,zipfian,1000,4,43,65652.99,correct=Some(true)
optimistic,zipfian,1000,4,43,289771.92,correct=Some(true)
sequential,token-transfer,1000,4,43,303672.71,correct=Some(true)
static,token-transfer,1000,4,43,203908.44,correct=Some(true)
optimistic,token-transfer,1000,4,43,311160.45,correct=Some(true)
sequential,private-state,1000,4,43,330560.37,correct=Some(true)
static,private-state,1000,4,43,25618.02,correct=Some(true)
optimistic,private-state,1000,4,43,239788.89,correct=Some(true)
sequential,no-conflict,1000,4,44,302885.56,correct=Some(true)
static,no-conflict,1000,4,44,250785.46,correct=Some(true)
optimistic,no-conflict,1000,4,44,335298.97,correct=Some(true)
sequential,hotspot,1000,4,44,362151.02,correct=Some(true)
static,hotspot,1000,4,44,28417.97,correct=Some(true)
optimistic,hotspot,1000,4,44,267566.19,correct=Some(true)
sequential,zipfian,1000,4,44,343851.76,correct=Some(true)
static,zipfian,1000,4,44,71688.60,correct=Some(true)
optimistic,zipfian,1000,4,44,293948.11,correct=Some(true)
sequential,token-transfer,1000,4,44,299086.17,correct=Some(true)
static,token-transfer,1000,4,44,213533.82,correct=Some(true)
optimistic,token-transfer,1000,4,44,307896.09,correct=Some(true)
sequential,private-state,1000,4,44,320343.61,correct=Some(true)
static,private-state,1000,4,44,24628.37,correct=Some(true)
optimistic,private-state,1000,4,44,227775.70,correct=Some(true)
sequential,no-conflict,1000,8,42,302635.41,correct=Some(true)
static,no-conflict,1000,8,42,268824.94,correct=Some(true)
optimistic,no-conflict,1000,8,42,363020.94,correct=Some(true)
sequential,hotspot,1000,8,42,360977.60,correct=Some(true)
static,hotspot,1000,8,42,28205.36,correct=Some(true)
optimistic,hotspot,1000,8,42,271744.74,correct=Some(true)
sequential,zipfian,1000,8,42,350523.23,correct=Some(true)
static,zipfian,1000,8,42,68410.74,correct=Some(true)
optimistic,zipfian,1000,8,42,282001.93,correct=Some(true)
sequential,token-transfer,1000,8,42,285234.52,correct=Some(true)
static,token-transfer,1000,8,42,211580.43,correct=Some(true)
optimistic,token-transfer,1000,8,42,317429.38,correct=Some(true)
sequential,private-state,1000,8,42,324967.58,correct=Some(true)
static,private-state,1000,8,42,25211.85,correct=Some(true)
optimistic,private-state,1000,8,42,248234.49,correct=Some(true)
sequential,no-conflict,1000,8,43,303081.46,correct=Some(true)
static,no-conflict,1000,8,43,270040.15,correct=Some(true)
optimistic,no-conflict,1000,8,43,362893.03,correct=Some(true)
sequential,hotspot,1000,8,43,370506.77,correct=Some(true)
static,hotspot,1000,8,43,28230.64,correct=Some(true)
optimistic,hotspot,1000,8,43,276204.18,correct=Some(true)
sequential,zipfian,1000,8,43,347964.67,correct=Some(true)
static,zipfian,1000,8,43,66514.05,correct=Some(true)
optimistic,zipfian,1000,8,43,275429.06,correct=Some(true)
sequential,token-transfer,1000,8,43,284259.28,correct=Some(true)
static,token-transfer,1000,8,43,208354.04,correct=Some(true)
optimistic,token-transfer,1000,8,43,347588.03,correct=Some(true)
sequential,private-state,1000,8,43,312143.28,correct=Some(true)
static,private-state,1000,8,43,25114.52,correct=Some(true)
optimistic,private-state,1000,8,43,234678.82,correct=Some(true)
sequential,no-conflict,1000,8,44,297471.46,correct=Some(true)
static,no-conflict,1000,8,44,269207.92,correct=Some(true)
optimistic,no-conflict,1000,8,44,356125.10,correct=Some(true)
sequential,hotspot,1000,8,44,359513.72,correct=Some(true)
static,hotspot,1000,8,44,27740.75,correct=Some(true)
optimistic,hotspot,1000,8,44,268466.97,correct=Some(true)
sequential,zipfian,1000,8,44,345276.09,correct=Some(true)
static,zipfian,1000,8,44,65085.67,correct=Some(true)
optimistic,zipfian,1000,8,44,281771.34,correct=Some(true)
sequential,token-transfer,1000,8,44,283048.29,correct=Some(true)
static,token-transfer,1000,8,44,218803.92,correct=Some(true)
optimistic,token-transfer,1000,8,44,324734.37,correct=Some(true)
sequential,private-state,1000,8,44,305980.04,correct=Some(true)
static,private-state,1000,8,44,27519.92,correct=Some(true)
optimistic,private-state,1000,8,44,240299.36,correct=Some(true)
sequential,no-conflict,1000,16,42,298939.18,correct=Some(true)
static,no-conflict,1000,16,42,244094.38,correct=Some(true)
optimistic,no-conflict,1000,16,42,360506.51,correct=Some(true)
sequential,hotspot,1000,16,42,366962.78,correct=Some(true)
static,hotspot,1000,16,42,26632.02,correct=Some(true)
optimistic,hotspot,1000,16,42,275372.63,correct=Some(true)
sequential,zipfian,1000,16,42,353772.79,correct=Some(true)
static,zipfian,1000,16,42,38433.34,correct=Some(true)
optimistic,zipfian,1000,16,42,297672.03,correct=Some(true)
sequential,token-transfer,1000,16,42,314744.22,correct=Some(true)
static,token-transfer,1000,16,42,202008.16,correct=Some(true)
optimistic,token-transfer,1000,16,42,338241.10,correct=Some(true)
sequential,private-state,1000,16,42,327524.15,correct=Some(true)
static,private-state,1000,16,42,25819.53,correct=Some(true)
optimistic,private-state,1000,16,42,257578.14,correct=Some(true)
sequential,no-conflict,1000,16,43,298698.01,correct=Some(true)
static,no-conflict,1000,16,43,255678.69,correct=Some(true)
optimistic,no-conflict,1000,16,43,342580.38,correct=Some(true)
sequential,hotspot,1000,16,43,369262.31,correct=Some(true)
static,hotspot,1000,16,43,28288.72,correct=Some(true)
optimistic,hotspot,1000,16,43,293511.11,correct=Some(true)
sequential,zipfian,1000,16,43,353443.57,correct=Some(true)
static,zipfian,1000,16,43,60077.06,correct=Some(true)
optimistic,zipfian,1000,16,43,302829.33,correct=Some(true)
sequential,token-transfer,1000,16,43,299816.36,correct=Some(true)
static,token-transfer,1000,16,43,188292.85,correct=Some(true)
optimistic,token-transfer,1000,16,43,325651.65,correct=Some(true)
sequential,private-state,1000,16,43,314526.83,correct=Some(true)
static,private-state,1000,16,43,27058.96,correct=Some(true)
optimistic,private-state,1000,16,43,249980.31,correct=Some(true)
sequential,no-conflict,1000,16,44,297193.51,correct=Some(true)
static,no-conflict,1000,16,44,258907.59,correct=Some(true)
optimistic,no-conflict,1000,16,44,357242.89,correct=Some(true)
sequential,hotspot,1000,16,44,368759.44,correct=Some(true)
static,hotspot,1000,16,44,28188.69,correct=Some(true)
optimistic,hotspot,1000,16,44,294043.36,correct=Some(true)
sequential,zipfian,1000,16,44,356124.09,correct=Some(true)
static,zipfian,1000,16,44,57223.83,correct=Some(true)
optimistic,zipfian,1000,16,44,302726.11,correct=Some(true)
sequential,token-transfer,1000,16,44,298419.36,correct=Some(true)
static,token-transfer,1000,16,44,204265.39,correct=Some(true)
optimistic,token-transfer,1000,16,44,331068.82,correct=Some(true)
sequential,private-state,1000,16,44,327138.21,correct=Some(true)
static,private-state,1000,16,44,25261.12,correct=Some(true)
optimistic,private-state,1000,16,44,239842.20,correct=Some(true)
sequential,no-conflict,1000,32,42,297520.85,correct=Some(true)
static,no-conflict,1000,32,42,225996.97,correct=Some(true)
optimistic,no-conflict,1000,32,42,263888.17,correct=Some(true)
sequential,hotspot,1000,32,42,365680.58,correct=Some(true)
static,hotspot,1000,32,42,27736.93,correct=Some(true)
optimistic,hotspot,1000,32,42,219292.96,correct=Some(true)
sequential,zipfian,1000,32,42,345836.00,correct=Some(true)
static,zipfian,1000,32,42,38406.06,correct=Some(true)
optimistic,zipfian,1000,32,42,261488.98,correct=Some(true)
sequential,token-transfer,1000,32,42,269877.78,correct=Some(true)
static,token-transfer,1000,32,42,152015.28,correct=Some(true)
optimistic,token-transfer,1000,32,42,258840.03,correct=Some(true)
sequential,private-state,1000,32,42,322240.94,correct=Some(true)
static,private-state,1000,32,42,27100.70,correct=Some(true)
optimistic,private-state,1000,32,42,214429.01,correct=Some(true)
sequential,no-conflict,1000,32,43,296546.01,correct=Some(true)
static,no-conflict,1000,32,43,223918.43,correct=Some(true)
optimistic,no-conflict,1000,32,43,201556.38,correct=Some(true)
sequential,hotspot,1000,32,43,366176.30,correct=Some(true)
static,hotspot,1000,32,43,27108.59,correct=Some(true)
optimistic,hotspot,1000,32,43,231345.30,correct=Some(true)
sequential,zipfian,1000,32,43,320748.45,correct=Some(true)
static,zipfian,1000,32,43,42876.14,correct=Some(true)
optimistic,zipfian,1000,32,43,229409.78,correct=Some(true)
sequential,token-transfer,1000,32,43,292009.08,correct=Some(true)
static,token-transfer,1000,32,43,144489.71,correct=Some(true)
optimistic,token-transfer,1000,32,43,208330.69,correct=Some(true)
sequential,private-state,1000,32,43,296711.60,correct=Some(true)
static,private-state,1000,32,43,15264.61,correct=Some(true)
optimistic,private-state,1000,32,43,223502.64,correct=Some(true)
sequential,no-conflict,1000,32,44,297828.77,correct=Some(true)
static,no-conflict,1000,32,44,174427.56,correct=Some(true)
optimistic,no-conflict,1000,32,44,301799.78,correct=Some(true)
sequential,hotspot,1000,32,44,362883.02,correct=Some(true)
static,hotspot,1000,32,44,27450.09,correct=Some(true)
optimistic,hotspot,1000,32,44,246149.79,correct=Some(true)
sequential,zipfian,1000,32,44,357230.63,correct=Some(true)
static,zipfian,1000,32,44,39402.22,correct=Some(true)
optimistic,zipfian,1000,32,44,249518.24,correct=Some(true)
sequential,token-transfer,1000,32,44,285485.00,correct=Some(true)
static,token-transfer,1000,32,44,160889.91,correct=Some(true)
optimistic,token-transfer,1000,32,44,247982.29,correct=Some(true)
sequential,private-state,1000,32,44,319427.69,correct=Some(true)
static,private-state,1000,32,44,25285.96,correct=Some(true)
optimistic,private-state,1000,32,44,200932.57,correct=Some(true)
sequential,no-conflict,1000,36,42,294872.87,correct=Some(true)
static,no-conflict,1000,36,42,230572.85,correct=Some(true)
optimistic,no-conflict,1000,36,42,305740.27,correct=Some(true)
sequential,hotspot,1000,36,42,363876.65,correct=Some(true)
static,hotspot,1000,36,42,29100.97,correct=Some(true)
optimistic,hotspot,1000,36,42,201286.83,correct=Some(true)
sequential,zipfian,1000,36,42,333055.79,correct=Some(true)
static,zipfian,1000,36,42,40553.78,correct=Some(true)
optimistic,zipfian,1000,36,42,235581.08,correct=Some(true)
sequential,token-transfer,1000,36,42,300482.48,correct=Some(true)
static,token-transfer,1000,36,42,125719.33,correct=Some(true)
optimistic,token-transfer,1000,36,42,248569.42,correct=Some(true)
sequential,private-state,1000,36,42,325393.09,correct=Some(true)
static,private-state,1000,36,42,25088.49,correct=Some(true)
optimistic,private-state,1000,36,42,201941.59,correct=Some(true)
sequential,no-conflict,1000,36,43,297045.91,correct=Some(true)
static,no-conflict,1000,36,43,226814.92,correct=Some(true)
optimistic,no-conflict,1000,36,43,279143.10,correct=Some(true)
sequential,hotspot,1000,36,43,362183.55,correct=Some(true)
static,hotspot,1000,36,43,27744.26,correct=Some(true)
optimistic,hotspot,1000,36,43,233031.19,correct=Some(true)
sequential,zipfian,1000,36,43,331904.15,correct=Some(true)
static,zipfian,1000,36,43,39499.79,correct=Some(true)
optimistic,zipfian,1000,36,43,231232.53,correct=Some(true)
sequential,token-transfer,1000,36,43,305287.11,correct=Some(true)
static,token-transfer,1000,36,43,126315.13,correct=Some(true)
optimistic,token-transfer,1000,36,43,233905.38,correct=Some(true)
sequential,private-state,1000,36,43,325786.81,correct=Some(true)
static,private-state,1000,36,43,16008.04,correct=Some(true)
optimistic,private-state,1000,36,43,204708.29,correct=Some(true)
sequential,no-conflict,1000,36,44,295166.01,correct=Some(true)
static,no-conflict,1000,36,44,223292.09,correct=Some(true)
optimistic,no-conflict,1000,36,44,274667.47,correct=Some(true)
sequential,hotspot,1000,36,44,363133.79,correct=Some(true)
static,hotspot,1000,36,44,27399.46,correct=Some(true)
optimistic,hotspot,1000,36,44,209781.00,correct=Some(true)
sequential,zipfian,1000,36,44,330952.35,correct=Some(true)
static,zipfian,1000,36,44,43036.99,correct=Some(true)
optimistic,zipfian,1000,36,44,237254.34,correct=Some(true)
sequential,token-transfer,1000,36,44,297144.77,correct=Some(true)
static,token-transfer,1000,36,44,136345.18,correct=Some(true)
optimistic,token-transfer,1000,36,44,242080.05,correct=Some(true)
sequential,private-state,1000,36,44,309139.65,correct=Some(true)
static,private-state,1000,36,44,18130.89,correct=Some(true)
optimistic,private-state,1000,36,44,196489.60,correct=Some(true)
sequential,no-conflict,5000,1,42,342163.20,correct=Some(true)
static,no-conflict,5000,1,42,200189.59,correct=Some(true)
optimistic,no-conflict,5000,1,42,257585.25,correct=Some(true)
sequential,hotspot,5000,1,42,495271.20,correct=Some(true)
static,hotspot,5000,1,42,29337.40,correct=Some(true)
optimistic,hotspot,5000,1,42,232999.52,correct=Some(true)
sequential,zipfian,5000,1,42,500973.44,correct=Some(true)
static,zipfian,5000,1,42,71154.81,correct=Some(true)
optimistic,zipfian,5000,1,42,236848.56,correct=Some(true)
sequential,token-transfer,5000,1,42,432623.78,correct=Some(true)
static,token-transfer,5000,1,42,198815.05,correct=Some(true)
optimistic,token-transfer,5000,1,42,248089.32,correct=Some(true)
sequential,private-state,5000,1,42,440360.87,correct=Some(true)
static,private-state,5000,1,42,17373.56,correct=Some(true)
optimistic,private-state,5000,1,42,220056.82,correct=Some(true)
sequential,no-conflict,5000,1,43,402773.40,correct=Some(true)
static,no-conflict,5000,1,43,221502.05,correct=Some(true)
optimistic,no-conflict,5000,1,43,284179.23,correct=Some(true)
sequential,hotspot,5000,1,43,502425.86,correct=Some(true)
static,hotspot,5000,1,43,29396.53,correct=Some(true)
optimistic,hotspot,5000,1,43,237130.93,correct=Some(true)
sequential,zipfian,5000,1,43,500159.30,correct=Some(true)
static,zipfian,5000,1,43,69096.01,correct=Some(true)
optimistic,zipfian,5000,1,43,238586.33,correct=Some(true)
sequential,token-transfer,5000,1,43,429603.94,correct=Some(true)
static,token-transfer,5000,1,43,199400.45,correct=Some(true)
optimistic,token-transfer,5000,1,43,251032.51,correct=Some(true)
sequential,private-state,5000,1,43,439275.09,correct=Some(true)
static,private-state,5000,1,43,16430.12,correct=Some(true)
optimistic,private-state,5000,1,43,223404.69,correct=Some(true)
sequential,no-conflict,5000,1,44,389614.29,correct=Some(true)
static,no-conflict,5000,1,44,216626.68,correct=Some(true)
optimistic,no-conflict,5000,1,44,287464.65,correct=Some(true)
sequential,hotspot,5000,1,44,497655.25,correct=Some(true)
static,hotspot,5000,1,44,29027.48,correct=Some(true)
optimistic,hotspot,5000,1,44,237217.75,correct=Some(true)
sequential,zipfian,5000,1,44,496832.20,correct=Some(true)
static,zipfian,5000,1,44,69138.84,correct=Some(true)
optimistic,zipfian,5000,1,44,239180.88,correct=Some(true)
sequential,token-transfer,5000,1,44,427161.53,correct=Some(true)
static,token-transfer,5000,1,44,201443.29,correct=Some(true)
optimistic,token-transfer,5000,1,44,250861.34,correct=Some(true)
sequential,private-state,5000,1,44,426881.70,correct=Some(true)
static,private-state,5000,1,44,16198.69,correct=Some(true)
optimistic,private-state,5000,1,44,225278.98,correct=Some(true)
sequential,no-conflict,5000,2,42,401307.88,correct=Some(true)
static,no-conflict,5000,2,42,283776.95,correct=Some(true)
optimistic,no-conflict,5000,2,42,416221.31,correct=Some(true)
sequential,hotspot,5000,2,42,489918.84,correct=Some(true)
static,hotspot,5000,2,42,26054.45,correct=Some(true)
optimistic,hotspot,5000,2,42,337945.27,correct=Some(true)
sequential,zipfian,5000,2,42,495989.38,correct=Some(true)
static,zipfian,5000,2,42,71428.84,correct=Some(true)
optimistic,zipfian,5000,2,42,314548.46,correct=Some(true)
sequential,token-transfer,5000,2,42,431868.85,correct=Some(true)
static,token-transfer,5000,2,42,237261.65,correct=Some(true)
optimistic,token-transfer,5000,2,42,368735.70,correct=Some(true)
sequential,private-state,5000,2,42,438935.97,correct=Some(true)
static,private-state,5000,2,42,15989.66,correct=Some(true)
optimistic,private-state,5000,2,42,308204.46,correct=Some(true)
sequential,no-conflict,5000,2,43,403762.32,correct=Some(true)
static,no-conflict,5000,2,43,312535.26,correct=Some(true)
optimistic,no-conflict,5000,2,43,434076.84,correct=Some(true)
sequential,hotspot,5000,2,43,494000.32,correct=Some(true)
static,hotspot,5000,2,43,28461.32,correct=Some(true)
optimistic,hotspot,5000,2,43,340300.44,correct=Some(true)
sequential,zipfian,5000,2,43,496927.89,correct=Some(true)
static,zipfian,5000,2,43,70440.21,correct=Some(true)
optimistic,zipfian,5000,2,43,340618.48,correct=Some(true)
sequential,token-transfer,5000,2,43,414241.28,correct=Some(true)
static,token-transfer,5000,2,43,233245.93,correct=Some(true)
optimistic,token-transfer,5000,2,43,368762.62,correct=Some(true)
sequential,private-state,5000,2,43,435952.71,correct=Some(true)
static,private-state,5000,2,43,17092.43,correct=Some(true)
optimistic,private-state,5000,2,43,297081.44,correct=Some(true)
sequential,no-conflict,5000,2,44,375216.56,correct=Some(true)
static,no-conflict,5000,2,44,314868.20,correct=Some(true)
optimistic,no-conflict,5000,2,44,430439.33,correct=Some(true)
sequential,hotspot,5000,2,44,488425.25,correct=Some(true)
static,hotspot,5000,2,44,28089.06,correct=Some(true)
optimistic,hotspot,5000,2,44,337041.80,correct=Some(true)
sequential,zipfian,5000,2,44,498250.20,correct=Some(true)
static,zipfian,5000,2,44,69641.06,correct=Some(true)
optimistic,zipfian,5000,2,44,347091.20,correct=Some(true)
sequential,token-transfer,5000,2,44,426970.50,correct=Some(true)
static,token-transfer,5000,2,44,234444.82,correct=Some(true)
optimistic,token-transfer,5000,2,44,367030.74,correct=Some(true)
sequential,private-state,5000,2,44,424627.69,correct=Some(true)
static,private-state,5000,2,44,15846.52,correct=Some(true)
optimistic,private-state,5000,2,44,309340.65,correct=Some(true)
sequential,no-conflict,5000,4,42,402284.91,correct=Some(true)
static,no-conflict,5000,4,42,352674.45,correct=Some(true)
optimistic,no-conflict,5000,4,42,483748.38,correct=Some(true)
sequential,hotspot,5000,4,42,484097.96,correct=Some(true)
static,hotspot,5000,4,42,21235.23,correct=Some(true)
optimistic,hotspot,5000,4,42,383051.30,correct=Some(true)
sequential,zipfian,5000,4,42,499744.38,correct=Some(true)
static,zipfian,5000,4,42,68775.71,correct=Some(true)
optimistic,zipfian,5000,4,42,395136.88,correct=Some(true)
sequential,token-transfer,5000,4,42,431523.89,correct=Some(true)
static,token-transfer,5000,4,42,254740.49,correct=Some(true)
optimistic,token-transfer,5000,4,42,420454.72,correct=Some(true)
sequential,private-state,5000,4,42,423286.84,correct=Some(true)
static,private-state,5000,4,42,17010.50,correct=Some(true)
optimistic,private-state,5000,4,42,345169.14,correct=Some(true)
sequential,no-conflict,5000,4,43,404235.12,correct=Some(true)
static,no-conflict,5000,4,43,361577.06,correct=Some(true)
optimistic,no-conflict,5000,4,43,511138.11,correct=Some(true)
sequential,hotspot,5000,4,43,491109.30,correct=Some(true)
static,hotspot,5000,4,43,28226.83,correct=Some(true)
optimistic,hotspot,5000,4,43,380390.79,correct=Some(true)
sequential,zipfian,5000,4,43,498159.80,correct=Some(true)
static,zipfian,5000,4,43,67872.66,correct=Some(true)
optimistic,zipfian,5000,4,43,392827.10,correct=Some(true)
sequential,token-transfer,5000,4,43,415034.85,correct=Some(true)
static,token-transfer,5000,4,43,246744.76,correct=Some(true)
optimistic,token-transfer,5000,4,43,425574.80,correct=Some(true)
sequential,private-state,5000,4,43,422205.69,correct=Some(true)
static,private-state,5000,4,43,16157.56,correct=Some(true)
optimistic,private-state,5000,4,43,341474.47,correct=Some(true)
sequential,no-conflict,5000,4,44,389045.41,correct=Some(true)
static,no-conflict,5000,4,44,345031.77,correct=Some(true)
optimistic,no-conflict,5000,4,44,486555.45,correct=Some(true)
sequential,hotspot,5000,4,44,489068.92,correct=Some(true)
static,hotspot,5000,4,44,27882.01,correct=Some(true)
optimistic,hotspot,5000,4,44,355847.34,correct=Some(true)
sequential,zipfian,5000,4,44,498099.25,correct=Some(true)
static,zipfian,5000,4,44,64506.94,correct=Some(true)
optimistic,zipfian,5000,4,44,391478.12,correct=Some(true)
sequential,token-transfer,5000,4,44,411654.67,correct=Some(true)
static,token-transfer,5000,4,44,249299.49,correct=Some(true)
optimistic,token-transfer,5000,4,44,408562.06,correct=Some(true)
sequential,private-state,5000,4,44,433636.11,correct=Some(true)
static,private-state,5000,4,44,16717.41,correct=Some(true)
optimistic,private-state,5000,4,44,342832.28,correct=Some(true)
sequential,no-conflict,5000,8,42,391020.05,correct=Some(true)
static,no-conflict,5000,8,42,366310.48,correct=Some(true)
optimistic,no-conflict,5000,8,42,521285.28,correct=Some(true)
sequential,hotspot,5000,8,42,493380.22,correct=Some(true)
static,hotspot,5000,8,42,27940.78,correct=Some(true)
optimistic,hotspot,5000,8,42,404882.23,correct=Some(true)
sequential,zipfian,5000,8,42,498524.27,correct=Some(true)
static,zipfian,5000,8,42,64891.57,correct=Some(true)
optimistic,zipfian,5000,8,42,404178.17,correct=Some(true)
sequential,token-transfer,5000,8,42,428447.99,correct=Some(true)
static,token-transfer,5000,8,42,256789.62,correct=Some(true)
optimistic,token-transfer,5000,8,42,449481.39,correct=Some(true)
sequential,private-state,5000,8,42,437837.61,correct=Some(true)
static,private-state,5000,8,42,15789.01,correct=Some(true)
optimistic,private-state,5000,8,42,364080.44,correct=Some(true)
sequential,no-conflict,5000,8,43,400318.37,correct=Some(true)
static,no-conflict,5000,8,43,372240.65,correct=Some(true)
optimistic,no-conflict,5000,8,43,572097.11,correct=Some(true)
sequential,hotspot,5000,8,43,499122.99,correct=Some(true)
static,hotspot,5000,8,43,27388.29,correct=Some(true)
optimistic,hotspot,5000,8,43,394007.52,correct=Some(true)
sequential,zipfian,5000,8,43,497626.72,correct=Some(true)
static,zipfian,5000,8,43,64203.29,correct=Some(true)
optimistic,zipfian,5000,8,43,416682.54,correct=Some(true)
sequential,token-transfer,5000,8,43,418623.63,correct=Some(true)
static,token-transfer,5000,8,43,250585.89,correct=Some(true)
optimistic,token-transfer,5000,8,43,449800.23,correct=Some(true)
sequential,private-state,5000,8,43,426261.71,correct=Some(true)
static,private-state,5000,8,43,15920.20,correct=Some(true)
optimistic,private-state,5000,8,43,360476.96,correct=Some(true)
sequential,no-conflict,5000,8,44,400306.25,correct=Some(true)
static,no-conflict,5000,8,44,383558.42,correct=Some(true)
optimistic,no-conflict,5000,8,44,543646.44,correct=Some(true)
sequential,hotspot,5000,8,44,499442.72,correct=Some(true)
static,hotspot,5000,8,44,28244.80,correct=Some(true)
optimistic,hotspot,5000,8,44,401786.89,correct=Some(true)
sequential,zipfian,5000,8,44,497092.41,correct=Some(true)
static,zipfian,5000,8,44,63829.52,correct=Some(true)
optimistic,zipfian,5000,8,44,414093.46,correct=Some(true)
sequential,token-transfer,5000,8,44,431396.63,correct=Some(true)
static,token-transfer,5000,8,44,254003.46,correct=Some(true)
optimistic,token-transfer,5000,8,44,450891.15,correct=Some(true)
sequential,private-state,5000,8,44,436253.28,correct=Some(true)
static,private-state,5000,8,44,15616.44,correct=Some(true)
optimistic,private-state,5000,8,44,360389.89,correct=Some(true)
sequential,no-conflict,5000,16,42,396687.47,correct=Some(true)
static,no-conflict,5000,16,42,380389.72,correct=Some(true)
optimistic,no-conflict,5000,16,42,564972.90,correct=Some(true)
sequential,hotspot,5000,16,42,499284.82,correct=Some(true)
static,hotspot,5000,16,42,28419.47,correct=Some(true)
optimistic,hotspot,5000,16,42,404618.41,correct=Some(true)
sequential,zipfian,5000,16,42,490007.23,correct=Some(true)
static,zipfian,5000,16,42,60415.72,correct=Some(true)
optimistic,zipfian,5000,16,42,425690.38,correct=Some(true)
sequential,token-transfer,5000,16,42,422412.82,correct=Some(true)
static,token-transfer,5000,16,42,243720.94,correct=Some(true)
optimistic,token-transfer,5000,16,42,446115.85,correct=Some(true)
sequential,private-state,5000,16,42,428173.62,correct=Some(true)
static,private-state,5000,16,42,15545.75,correct=Some(true)
optimistic,private-state,5000,16,42,359370.70,correct=Some(true)
sequential,no-conflict,5000,16,43,388491.91,correct=Some(true)
static,no-conflict,5000,16,43,382523.86,correct=Some(true)
optimistic,no-conflict,5000,16,43,583276.55,correct=Some(true)
sequential,hotspot,5000,16,43,494788.39,correct=Some(true)
static,hotspot,5000,16,43,28352.07,correct=Some(true)
optimistic,hotspot,5000,16,43,413464.62,correct=Some(true)
sequential,zipfian,5000,16,43,498799.59,correct=Some(true)
static,zipfian,5000,16,43,60206.19,correct=Some(true)
optimistic,zipfian,5000,16,43,418588.20,correct=Some(true)
sequential,token-transfer,5000,16,43,432132.55,correct=Some(true)
static,token-transfer,5000,16,43,232796.41,correct=Some(true)
optimistic,token-transfer,5000,16,43,462014.55,correct=Some(true)
sequential,private-state,5000,16,43,436700.37,correct=Some(true)
static,private-state,5000,16,43,16025.68,correct=Some(true)
optimistic,private-state,5000,16,43,360595.95,correct=Some(true)
sequential,no-conflict,5000,16,44,401032.45,correct=Some(true)
static,no-conflict,5000,16,44,372361.87,correct=Some(true)
optimistic,no-conflict,5000,16,44,583051.96,correct=Some(true)
sequential,hotspot,5000,16,44,495389.85,correct=Some(true)
static,hotspot,5000,16,44,28613.94,correct=Some(true)
optimistic,hotspot,5000,16,44,408693.06,correct=Some(true)
sequential,zipfian,5000,16,44,497970.72,correct=Some(true)
static,zipfian,5000,16,44,60747.37,correct=Some(true)
optimistic,zipfian,5000,16,44,416369.07,correct=Some(true)
sequential,token-transfer,5000,16,44,432973.23,correct=Some(true)
static,token-transfer,5000,16,44,233509.74,correct=Some(true)
optimistic,token-transfer,5000,16,44,458423.80,correct=Some(true)
sequential,private-state,5000,16,44,436022.89,correct=Some(true)
static,private-state,5000,16,44,15267.90,correct=Some(true)
optimistic,private-state,5000,16,44,362650.25,correct=Some(true)
sequential,no-conflict,5000,32,42,390487.48,correct=Some(true)
static,no-conflict,5000,32,42,354162.10,correct=Some(true)
optimistic,no-conflict,5000,32,42,578176.45,correct=Some(true)
sequential,hotspot,5000,32,42,482586.40,correct=Some(true)
static,hotspot,5000,32,42,21870.91,correct=Some(true)
optimistic,hotspot,5000,32,42,392102.12,correct=Some(true)
sequential,zipfian,5000,32,42,496443.63,correct=Some(true)
static,zipfian,5000,32,42,41148.23,correct=Some(true)
optimistic,zipfian,5000,32,42,404291.80,correct=Some(true)
sequential,token-transfer,5000,32,42,410563.00,correct=Some(true)
static,token-transfer,5000,32,42,190266.10,correct=Some(true)
optimistic,token-transfer,5000,32,42,420082.43,correct=Some(true)
sequential,private-state,5000,32,42,434964.65,correct=Some(true)
static,private-state,5000,32,42,16614.07,correct=Some(true)
optimistic,private-state,5000,32,42,354464.32,correct=Some(true)
sequential,no-conflict,5000,32,43,395663.53,correct=Some(true)
static,no-conflict,5000,32,43,344435.05,correct=Some(true)
optimistic,no-conflict,5000,32,43,525888.71,correct=Some(true)
sequential,hotspot,5000,32,43,496239.05,correct=Some(true)
static,hotspot,5000,32,43,27951.07,correct=Some(true)
optimistic,hotspot,5000,32,43,402265.07,correct=Some(true)
sequential,zipfian,5000,32,43,494952.03,correct=Some(true)
static,zipfian,5000,32,43,40591.97,correct=Some(true)
optimistic,zipfian,5000,32,43,407369.14,correct=Some(true)
sequential,token-transfer,5000,32,43,421704.92,correct=Some(true)
static,token-transfer,5000,32,43,185006.26,correct=Some(true)
optimistic,token-transfer,5000,32,43,449641.46,correct=Some(true)
sequential,private-state,5000,32,43,435081.11,correct=Some(true)
static,private-state,5000,32,43,16365.60,correct=Some(true)
optimistic,private-state,5000,32,43,335768.03,correct=Some(true)
sequential,no-conflict,5000,32,44,399862.64,correct=Some(true)
static,no-conflict,5000,32,44,351516.19,correct=Some(true)
optimistic,no-conflict,5000,32,44,507045.14,correct=Some(true)
sequential,hotspot,5000,32,44,490130.44,correct=Some(true)
static,hotspot,5000,32,44,28038.34,correct=Some(true)
optimistic,hotspot,5000,32,44,396792.80,correct=Some(true)
sequential,zipfian,5000,32,44,495911.75,correct=Some(true)
static,zipfian,5000,32,44,42775.04,correct=Some(true)
optimistic,zipfian,5000,32,44,403547.08,correct=Some(true)
sequential,token-transfer,5000,32,44,414294.59,correct=Some(true)
static,token-transfer,5000,32,44,184837.27,correct=Some(true)
optimistic,token-transfer,5000,32,44,381749.85,correct=Some(true)
sequential,private-state,5000,32,44,433496.14,correct=Some(true)
static,private-state,5000,32,44,15555.32,correct=Some(true)
optimistic,private-state,5000,32,44,348412.83,correct=Some(true)
sequential,no-conflict,5000,36,42,400409.54,correct=Some(true)
static,no-conflict,5000,36,42,341322.86,correct=Some(true)
optimistic,no-conflict,5000,36,42,510952.11,correct=Some(true)
sequential,hotspot,5000,36,42,490029.42,correct=Some(true)
static,hotspot,5000,36,42,27183.21,correct=Some(true)
optimistic,hotspot,5000,36,42,389739.35,correct=Some(true)
sequential,zipfian,5000,36,42,494988.29,correct=Some(true)
static,zipfian,5000,36,42,44496.36,correct=Some(true)
optimistic,zipfian,5000,36,42,397484.91,correct=Some(true)
sequential,token-transfer,5000,36,42,420906.78,correct=Some(true)
static,token-transfer,5000,36,42,158700.08,correct=Some(true)
optimistic,token-transfer,5000,36,42,403770.15,correct=Some(true)
sequential,private-state,5000,36,42,434641.75,correct=Some(true)
static,private-state,5000,36,42,15848.73,correct=Some(true)
optimistic,private-state,5000,36,42,347569.33,correct=Some(true)
sequential,no-conflict,5000,36,43,383434.14,correct=Some(true)
static,no-conflict,5000,36,43,354689.97,correct=Some(true)
optimistic,no-conflict,5000,36,43,518912.55,correct=Some(true)
sequential,hotspot,5000,36,43,491142.54,correct=Some(true)
static,hotspot,5000,36,43,27815.79,correct=Some(true)
optimistic,hotspot,5000,36,43,388374.55,correct=Some(true)
sequential,zipfian,5000,36,43,488876.07,correct=Some(true)
static,zipfian,5000,36,43,44042.79,correct=Some(true)
optimistic,zipfian,5000,36,43,391311.63,correct=Some(true)
sequential,token-transfer,5000,36,43,428493.26,correct=Some(true)
static,token-transfer,5000,36,43,166461.55,correct=Some(true)
optimistic,token-transfer,5000,36,43,424288.87,correct=Some(true)
sequential,private-state,5000,36,43,433092.04,correct=Some(true)
static,private-state,5000,36,43,16650.11,correct=Some(true)
optimistic,private-state,5000,36,43,354760.46,correct=Some(true)
sequential,no-conflict,5000,36,44,389190.10,correct=Some(true)
static,no-conflict,5000,36,44,349429.52,correct=Some(true)
optimistic,no-conflict,5000,36,44,511005.42,correct=Some(true)
sequential,hotspot,5000,36,44,495234.95,correct=Some(true)
static,hotspot,5000,36,44,27529.45,correct=Some(true)
optimistic,hotspot,5000,36,44,392730.80,correct=Some(true)
sequential,zipfian,5000,36,44,493184.97,correct=Some(true)
static,zipfian,5000,36,44,45627.52,correct=Some(true)
optimistic,zipfian,5000,36,44,387691.78,correct=Some(true)
sequential,token-transfer,5000,36,44,418746.13,correct=Some(true)
static,token-transfer,5000,36,44,165965.74,correct=Some(true)
optimistic,token-transfer,5000,36,44,428429.48,correct=Some(true)
sequential,private-state,5000,36,44,432708.43,correct=Some(true)
static,private-state,5000,36,44,15711.78,correct=Some(true)
optimistic,private-state,5000,36,44,342295.78,correct=Some(true)
Skipping remote plots because matplotlib is not available.
Copy results/raw/kabre_results.csv locally and run scripts/plot_results.py or scripts/compare_environments.py.
Job finished at Sat Jun 20 10:34:14 CST 2026
